[debug] [2023-02-12T09:08:22.302Z] ----------------------------------------------------------------------
[debug] [2023-02-12T09:08:22.307Z] Command:       C:\Program Files (x86)\nodejs\node.exe C:\Users\HAMZA JANI\AppData\Roaming\npm\node_modules\firebase-tools\lib\bin\firebase.js init
[debug] [2023-02-12T09:08:22.308Z] CLI Version:   11.22.0
[debug] [2023-02-12T09:08:22.308Z] Platform:      win32
[debug] [2023-02-12T09:08:22.309Z] Node Version:  v19.6.0
[debug] [2023-02-12T09:08:22.309Z] Time:          Sun Feb 12 2023 01:08:22 GMT-0800 (Pacific Standard Time)
[debug] [2023-02-12T09:08:22.309Z] ----------------------------------------------------------------------
[debug] 
[debug] [2023-02-12T09:08:22.324Z] > command requires scopes: ["email","openid","https://www.googleapis.com/auth/cloudplatformprojects.readonly","https://www.googleapis.com/auth/firebase","https://www.googleapis.com/auth/cloud-platform"]
[debug] [2023-02-12T09:08:22.325Z] > authorizing via signed-in user (officalkhan211@gmail.com)
[info] 
     ######## #### ########  ######## ########     ###     ######  ########
     ##        ##  ##     ## ##       ##     ##  ##   ##  ##       ##
     ######    ##  ########  ######   ########  #########  ######  ######
     ##        ##  ##    ##  ##       ##     ## ##     ##       ## ##
     ##       #### ##     ## ######## ########  ##     ##  ######  ########

You're about to initialize a Firebase project in this directory:

  D:\New folder\New folder\ultimate social networking platform script -Alphacodecamp.com.ng\Script\public

[info] 
=== Project Setup
[info] 
[info] First, let's associate this project directory with a Firebase project.
[info] You can create multiple project aliases by running firebase use --add, 
[info] but for now we'll just set up a default project.
[info] 
[debug] [2023-02-12T09:09:08.114Z] >>> [apiv2][query] GET https://firebase.googleapis.com/v1beta1/projects pageSize=100
[debug] [2023-02-12T09:09:09.309Z] <<< [apiv2][status] GET https://firebase.googleapis.com/v1beta1/projects 200
[debug] [2023-02-12T09:09:09.309Z] <<< [apiv2][body] GET https://firebase.googleapis.com/v1beta1/projects [omitted]
[info] i  Using project worlbook (public) 
[info] 
=== Hosting Setup
[info] 
[info] Your public directory is the folder (relative to your project directory) that
[info] will contain Hosting assets to be uploaded with firebase deploy. If you
[info] have a build process for your assets, use your build's output directory.
[info] 
[debug] [2023-02-12T09:09:30.969Z] >>> [apiv2][query] GET https://www.gstatic.com/firebasejs/releases.json [none]
[debug] [2023-02-12T09:09:31.494Z] <<< [apiv2][status] GET https://www.gstatic.com/firebasejs/releases.json 200
[debug] [2023-02-12T09:09:31.495Z] <<< [apiv2][body] GET https://www.gstatic.com/firebasejs/releases.json {"current":{"version":"9.17.1","browserURL":"https://www.gstatic.com/firebasejs/9.17.1/firebase.js","packageURL":"https://www.gstatic.com/firebasejs/9.17.1/firebase.tgz"},"live":{"version":"9.17","browserURL":"https://www.gstatic.com/firebasejs/live/9.17/firebase.js","packageURL":"https://www.gstatic.com/firebasejs/live/9.17/firebase.tgz"},"components":{"analytics":"https://www.gstatic.com/firebasejs/9.17.1/firebase-analytics.js","app":"https://www.gstatic.com/firebasejs/9.17.1/firebase-app.js","app-check":"https://www.gstatic.com/firebasejs/9.17.1/firebase-app-check.js","auth":"https://www.gstatic.com/firebasejs/9.17.1/firebase-auth.js","auth/cordova":"https://www.gstatic.com/firebasejs/9.17.1/firebase-auth/cordova.js","auth/react-native":"https://www.gstatic.com/firebasejs/9.17.1/firebase-auth/react-native.js","functions":"https://www.gstatic.com/firebasejs/9.17.1/firebase-functions.js","firestore":"https://www.gstatic.com/firebasejs/9.17.1/firebase-firestore.js","firestore/lite":"https://www.gstatic.com/firebasejs/9.17.1/firebase-firestore/lite.js","installations":"https://www.gstatic.com/firebasejs/9.17.1/firebase-installations.js","storage":"https://www.gstatic.com/firebasejs/9.17.1/firebase-storage.js","performance":"https://www.gstatic.com/firebasejs/9.17.1/firebase-performance.js","remote-config":"https://www.gstatic.com/firebasejs/9.17.1/firebase-remote-config.js","messaging":"https://www.gstatic.com/firebasejs/9.17.1/firebase-messaging.js","messaging/sw":"https://www.gstatic.com/firebasejs/9.17.1/firebase-messaging/sw.js","database":"https://www.gstatic.com/firebasejs/9.17.1/firebase-database.js","firestore.memory":"https://www.gstatic.com/firebasejs/9.17.1/firebase-firestore.memory.js"}}
[info] +  Wrote script/index.html 
[info] 
[info] i  Didn't detect a .git folder. Assuming D:\New folder\New folder\ultimate social networking platform script -Alphacodecamp.com.ng\Script\public is the project root. 
[info] i  Authorizing with GitHub to upload your service account to a GitHub repository's secrets store. 
[info] 
[info] Visit this URL on this device to log in:
[info] https://github.com/login/oauth/authorize?client_id=89cf50f02ac6aaed3484&state=694158173&redirect_uri=http%3A%2F%2Flocalhost%3A9005&scope=read%3Auser%20repo%20public_repo
[info] 
[info] Waiting for authentication...
[debug] [2023-02-12T09:09:33.270Z] >>> [apiv2][query] POST https://github.com/login/oauth/access_token [none]
[debug] [2023-02-12T09:09:33.271Z] >>> [apiv2][body] POST https://github.com/login/oauth/access_token [stream]
[debug] [2023-02-12T09:09:34.070Z] <<< [apiv2][status] POST https://github.com/login/oauth/access_token 200
[debug] [2023-02-12T09:09:34.070Z] <<< [apiv2][body] POST https://github.com/login/oauth/access_token {"access_token":"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","token_type":"bearer","scope":"read:user,repo"}
[debug] [2023-02-12T09:09:34.102Z] >>> [apiv2][query] GET https://api.github.com/user [none]
[debug] [2023-02-12T09:09:34.835Z] <<< [apiv2][status] GET https://api.github.com/user 200
[debug] [2023-02-12T09:09:34.836Z] <<< [apiv2][body] GET https://api.github.com/user {"login":"03455556lgoo","id":125183933,"node_id":"U_kgDOB3YnvQ","avatar_url":"https://avatars.githubusercontent.com/u/125183933?v=4","gravatar_id":"","url":"https://api.github.com/users/03455556lgoo","html_url":"https://github.com/03455556lgoo","followers_url":"https://api.github.com/users/03455556lgoo/followers","following_url":"https://api.github.com/users/03455556lgoo/following{/other_user}","gists_url":"https://api.github.com/users/03455556lgoo/gists{/gist_id}","starred_url":"https://api.github.com/users/03455556lgoo/starred{/owner}{/repo}","subscriptions_url":"https://api.github.com/users/03455556lgoo/subscriptions","organizations_url":"https://api.github.com/users/03455556lgoo/orgs","repos_url":"https://api.github.com/users/03455556lgoo/repos","events_url":"https://api.github.com/users/03455556lgoo/events{/privacy}","received_events_url":"https://api.github.com/users/03455556lgoo/received_events","type":"User","site_admin":false,"name":null,"company":null,"blog":"","location":null,"email":null,"hireable":null,"bio":null,"twitter_username":null,"public_repos":0,"public_gists":0,"followers":0,"following":0,"created_at":"2023-02-12T09:04:57Z","updated_at":"2023-02-12T09:04:57Z","private_gists":0,"total_private_repos":0,"owned_private_repos":0,"disk_usage":0,"collaborators":0,"two_factor_authentication":false,"plan":{"name":"free","space":976562499,"collaborators":0,"private_repos":10000}}
[info] 
[info] +  Success! Logged into GitHub as 03455556lgoo 
[info] 
[debug] [2023-02-12T09:10:04.195Z] >>> [apiv2][query] GET https://api.github.com/repos/webhosting/actions/secrets/public-key type=owner
[debug] [2023-02-12T09:10:04.977Z] <<< [apiv2][status] GET https://api.github.com/repos/webhosting/actions/secrets/public-key 404
[debug] [2023-02-12T09:10:04.977Z] <<< [apiv2][body] GET https://api.github.com/repos/webhosting/actions/secrets/public-key {"message":"Not Found","documentation_url":"https://docs.github.com/rest"}
[debug] [2023-02-12T09:10:06.385Z] >>> [apiv2][query] GET https://api.github.com/repos/webhosting/actions/secrets/public-key type=owner
[debug] [2023-02-12T09:10:06.792Z] <<< [apiv2][status] GET https://api.github.com/repos/webhosting/actions/secrets/public-key 404
[debug] [2023-02-12T09:10:06.793Z] <<< [apiv2][body] GET https://api.github.com/repos/webhosting/actions/secrets/public-key {"message":"Not Found","documentation_url":"https://docs.github.com/rest"}
[debug] [2023-02-12T09:10:06.804Z] >>> [apiv2][query] GET https://api.github.com/repos/webhosting/actions/secrets/public-key type=owner
[debug] [2023-02-12T09:10:07.199Z] <<< [apiv2][status] GET https://api.github.com/repos/webhosting/actions/secrets/public-key 404
[debug] [2023-02-12T09:10:07.199Z] <<< [apiv2][body] GET https://api.github.com/repos/webhosting/actions/secrets/public-key {"message":"Not Found","documentation_url":"https://docs.github.com/rest"}
[debug] [2023-02-12T09:10:12.575Z] >>> [apiv2][query] GET https://api.github.com/repos//actions/secrets/public-key type=owner
[debug] [2023-02-12T09:10:13.093Z] >>> [apiv2][query] GET https://api.github.com/repos//actions/secrets/public-key type=owner
[debug] [2023-02-12T09:10:13.305Z] <<< [apiv2][status] GET https://api.github.com/repos//actions/secrets/public-key 404
[debug] [2023-02-12T09:10:13.306Z] <<< [apiv2][body] GET https://api.github.com/repos//actions/secrets/public-key {"message":"Not Found","documentation_url":"https://docs.github.com/rest"}
[debug] [2023-02-12T09:10:13.571Z] >>> [apiv2][query] GET https://api.github.com/repos//actions/secrets/public-key type=owner
[debug] [2023-02-12T09:10:13.866Z] <<< [apiv2][status] GET https://api.github.com/repos//actions/secrets/public-key 404
[debug] [2023-02-12T09:10:13.867Z] <<< [apiv2][body] GET https://api.github.com/repos//actions/secrets/public-key {"message":"Not Found","documentation_url":"https://docs.github.com/rest"}
[debug] [2023-02-12T09:10:13.961Z] <<< [apiv2][status] GET https://api.github.com/repos//actions/secrets/public-key 404
[debug] [2023-02-12T09:10:13.962Z] <<< [apiv2][body] GET https://api.github.com/repos//actions/secrets/public-key {"message":"Not Found","documentation_url":"https://docs.github.com/rest"}
[debug] [2023-02-12T09:10:14.010Z] >>> [apiv2][query] GET https://api.github.com/repos//actions/secrets/public-key type=owner
[debug] [2023-02-12T09:10:14.431Z] <<< [apiv2][status] GET https://api.github.com/repos//actions/secrets/public-key 404
[debug] [2023-02-12T09:10:14.431Z] <<< [apiv2][body] GET https://api.github.com/repos//actions/secrets/public-key {"message":"Not Found","documentation_url":"https://docs.github.com/rest"}
[debug] [2023-02-12T09:12:03.259Z] >>> [apiv2][query] GET https://api.github.com/repos//actions/secrets/public-key type=owner
[debug] [2023-02-12T09:12:04.031Z] <<< [apiv2][status] GET https://api.github.com/repos//actions/secrets/public-key 404
[debug] [2023-02-12T09:12:04.032Z] <<< [apiv2][body] GET https://api.github.com/repos//actions/secrets/public-key {"message":"Not Found","documentation_url":"https://docs.github.com/rest"}
[debug] [2023-02-12T09:12:05.806Z] >>> [apiv2][query] GET https://api.github.com/repos//actions/secrets/public-key type=owner
[debug] [2023-02-12T09:12:06.180Z] <<< [apiv2][status] GET https://api.github.com/repos//actions/secrets/public-key 404
[debug] [2023-02-12T09:12:06.180Z] <<< [apiv2][body] GET https://api.github.com/repos//actions/secrets/public-key {"message":"Not Found","documentation_url":"https://docs.github.com/rest"}
